        -:    0:Source:/home/jebbin/CLionProjects/typo/include/game.h
        -:    0:Graph:/home/jebbin/CLionProjects/typo/cmake-build-debug-coverage/CMakeFiles/typo.dir/src/game.cpp.gcno
        -:    0:Data:/home/jebbin/CLionProjects/typo/cmake-build-debug-coverage/CMakeFiles/typo.dir/src/game.cpp.gcda
        -:    0:Runs:1
        -:    1://
        -:    2:// Created by jebbin on 06/04/21.
        -:    3://
        -:    4:#pragma once
        -:    5:
        -:    6:#include "window.h"
        -:    7:
        -:    8:enum GameState {
        -:    9:    RUNNING,
        -:   10:    PAUSED,
        -:   11:    FINISHED
        -:   12:};
        -:   13:
function _ZN4GameD2Ev called 1 returned 100% blocks executed 100%
        1:   14:class Game {
        -:   15:public:
        -:   16:    explicit Game(Window *window);
        -:   17:
        -:   18:    ~Game();
        -:   19:
        -:   20:    mutable GameState game_state;
        -:   21:
        -:   22:    virtual void start() = 0;
        -:   23:
        -:   24:    virtual void pause() = 0;
        -:   25:
        -:   26:protected:
        -:   27:    Window *window;
        -:   28:    mutable unsigned int wpm{};
        -:   29:};
