        -:    0:Source:/home/jebbin/CLionProjects/typo/src/main.cpp
        -:    0:Graph:/home/jebbin/CLionProjects/typo/cmake-build-debug-coverage/CMakeFiles/typo.dir/src/main.cpp.gcno
        -:    0:Data:/home/jebbin/CLionProjects/typo/cmake-build-debug-coverage/CMakeFiles/typo.dir/src/main.cpp.gcda
        -:    0:Runs:1
        -:    1:#include "window.h"
        -:    2:#include "TextSprite.h"
        -:    3:#include "menu.h"
        -:    4:#include "scattered.h"
        -:    5:
function main called 1 returned 100% blocks executed 51%
        1:    6:int main() {
        -:    7:
        3:    8:    Window window("TYPO", 1280, 720);
        1:    8-block  0
call    0 returned 1
call    1 returned 1
branch  2 taken 1 (fallthrough)
branch  3 taken 0 (throw)
        1:    8-block  1
call    4 returned 1
branch  5 taken 1 (fallthrough)
branch  6 taken 0 (throw)
call    7 returned 1
call    8 returned 1
    $$$$$:    8-block  2
    $$$$$:    8-block  3
    $$$$$:    8-block  4
call    9 never executed
        6:    9:    Menu menu(&window, {"START", "OPTIONS", "QUIT"});
call    0 returned 1
call    1 returned 1
branch  2 taken 1 (fallthrough)
branch  3 taken 0 (throw)
        1:    9-block  0
call    4 returned 1
call    5 returned 1
branch  6 taken 1 (fallthrough)
branch  7 taken 0 (throw)
        1:    9-block  1
call    8 returned 1
call    9 returned 1
branch 10 taken 1 (fallthrough)
branch 11 taken 0 (throw)
        1:    9-block  2
call   12 returned 1
call   13 returned 1
branch 14 taken 1 (fallthrough)
branch 15 taken 0 (throw)
        1:    9-block  3
call   16 returned 1
branch 17 taken 1 (fallthrough)
branch 18 taken 0 (throw)
call   19 returned 1
        3:    9-block  4
call   20 returned 3
        1:    9-block  5
call   21 returned 1
call   22 returned 1
call   23 returned 1
    $$$$$:    9-block  6
    $$$$$:    9-block  7
    $$$$$:    9-block  8
call   24 never executed
    $$$$$:    9-block  9
    $$$$$:    9-block 10
    $$$$$:    9-block 11
    $$$$$:    9-block 12
    $$$$$:    9-block 13
call   25 never executed
        1:   10:    TextSprite::setFont("./../res/open-sans.ttf", 24);
call    0 returned 1
call    1 returned 1
branch  2 taken 1 (fallthrough)
branch  3 taken 0 (throw)
        1:   10-block  0
call    4 returned 1
branch  5 taken 1 (fallthrough)
branch  6 taken 0 (throw)
        1:   10-block  1
call    7 returned 1
call    8 returned 1
    $$$$$:   10-block  2
call    9 never executed
    $$$$$:   10-block  3
    $$$$$:   10-block  4
call   10 never executed
    $$$$$:   10-block  5
        -:   11:    Game *game;
        -:   12:
        1:   13:    int selection = menu.display_menu();
call    0 returned 1
branch  1 taken 1 (fallthrough)
branch  2 taken 0 (throw)
       1*:   14:    if (selection == 2) window.close();
        1:   14-block  0
branch  0 taken 0 (fallthrough)
branch  1 taken 1
    %%%%%:   14-block  1
call    2 never executed
branch  3 never executed
branch  4 never executed
        -:   15:
        1:   16:    game = new Scattered(&window, 3);
        1:   16-block  0
call    0 returned 1
branch  1 taken 1 (fallthrough)
branch  2 taken 0 (throw)
        1:   16-block  1
call    3 returned 1
branch  4 taken 1 (fallthrough)
branch  5 taken 0 (throw)
    $$$$$:   16-block  2
call    6 never executed
        1:   17:    game->start();
        1:   17-block  0
call    0 returned 1
branch  1 taken 1 (fallthrough)
branch  2 taken 0 (throw)
        -:   18:
        1:   19:    delete game;
        1:   19-block  0
branch  0 taken 1 (fallthrough)
branch  1 taken 0
        1:   19-block  1
call    2 returned 1
call    3 returned 1
        -:   20:
        1:   21:    return 0;
        1:   21-block  0
call    0 returned 1
        -:   22:}
