        -:    0:Source:/home/jebbin/CLionProjects/typo/src/menu.cpp
        -:    0:Graph:/home/jebbin/CLionProjects/typo/cmake-build-debug-coverage/CMakeFiles/typo.dir/src/menu.cpp.gcno
        -:    0:Data:/home/jebbin/CLionProjects/typo/cmake-build-debug-coverage/CMakeFiles/typo.dir/src/menu.cpp.gcda
        -:    0:Runs:1
        -:    1://
        -:    2:// Created by jebbin on 05/04/21.
        -:    3://
        -:    4:#include "menu.h"
        -:    5:#include "TextSprite.h"
        -:    6:#include <iostream>
        -:    7:#include <utility>
        -:    8:
function _ZN4MenuC2EP6WindowSt6vectorINSt7__cxx1112basic_stringIcSt11char_traitsIcESaIcEEESaIS8_EE called 1 returned 100% blocks executed 100%
        1:    9:Menu::Menu(Window *window, std::vector<std::string> options) {
        1:    9-block  0
call    0 returned 1
        1:   10:    this->options = std::move(options);
call    0 returned 1
call    1 returned 1
        1:   11:    this->window = window;
        1:   12:    selection = 0;
        1:   13:}
        -:   14:
function _ZN4Menu11poll_eventsEv called 1600 returned 100% blocks executed 42%
     1600:   15:int Menu::poll_events() {
        -:   16:    SDL_Event event;
        -:   17:
     1600:   18:    if (SDL_PollEvent(&event)) {
     1600:   18-block  0
call    0 returned 1600
branch  1 taken 1600 (fallthrough)
branch  2 taken 0 (throw)
     1600:   18-block  1
branch  3 taken 12 (fallthrough)
branch  4 taken 1588
       12:   19:        switch (event.type) {
       12:   19-block  0
branch  0 taken 0
branch  1 taken 1
branch  2 taken 11
    #####:   20:            case SDL_QUIT:
    #####:   21:                window->close();
    %%%%%:   21-block  0
call    0 never executed
branch  1 never executed
branch  2 never executed
    #####:   22:                break;
    %%%%%:   22-block  0
        1:   23:            case SDL_KEYDOWN:
        1:   24:                switch (event.key.keysym.sym) {
        1:   24-block  0
branch  0 taken 0
branch  1 taken 0
branch  2 taken 1
branch  3 taken 0
    #####:   25:                    case SDLK_j:
    #####:   26:                        selection + 1 < options.size() && ++selection;
    %%%%%:   26-block  0
call    0 never executed
branch  1 never executed
branch  2 never executed
    %%%%%:   26-block  1
branch  3 never executed
branch  4 never executed
    %%%%%:   26-block  2
    %%%%%:   26-block  3
    #####:   27:                        break;
    %%%%%:   27-block  0
    #####:   28:                    case SDLK_k:
    #####:   29:                        selection - 1 >= 0 && --selection;
    %%%%%:   29-block  0
branch  0 never executed
branch  1 never executed
    %%%%%:   29-block  1
branch  2 never executed
branch  3 never executed
    %%%%%:   29-block  2
    %%%%%:   29-block  3
    #####:   30:                        break;
    %%%%%:   30-block  0
        1:   31:                    case SDLK_RETURN:
        1:   32:                        return selection;
        1:   32-block  0
    #####:   33:                    default:
    #####:   34:                        break;
    %%%%%:   34-block  0
        -:   35:                }
    #####:   36:                break;
    %%%%%:   36-block  0
       11:   37:            default:
       11:   38:                break;
       11:   38-block  0
        -:   39:        }
        -:   40:    }
     1599:   41:    return -1;
     1599:   41-block  0
        -:   42:}
        -:   43:
function _ZN4Menu12display_menuEv called 1 returned 100% blocks executed 62%
        1:   44:int Menu::display_menu() {
        1:   45:    if (options.empty()) {
        1:   45-block  0
call    0 returned 1
branch  1 taken 0 (fallthrough)
branch  2 taken 1
    #####:   46:        std::cerr << "Options member empty!" << std::endl;
    %%%%%:   46-block  0
call    0 never executed
call    1 never executed
        -:   47:    }
        -:   48:
     1600:   49:    while (!window->isClosed()) {
     1600:   49-block  0
call    0 returned 1600
branch  1 taken 1600 (fallthrough)
branch  2 taken 0
     1599:   49-block  1
     1600:   50:        window->clear();
     1600:   50-block  0
call    0 returned 1600
branch  1 taken 1600 (fallthrough)
branch  2 taken 0 (throw)
        -:   51:
     1600:   52:        int i = 0;
        -:   53:        int w, h, optionWidth, optionHeight;
     1600:   54:        SDL_GetWindowSize(window->get_window(), &w, &h);
     1600:   54-block  0
call    0 returned 1600
call    1 returned 1600
branch  2 taken 1600 (fallthrough)
branch  3 taken 0 (throw)
     6400:   55:        for (std::string &option : options) {
     1600:   55-block  0
call    0 returned 1600
call    1 returned 1600
     6400:   55-block  1
call    2 returned 6400
branch  3 taken 4800 (fallthrough)
branch  4 taken 1600
     4800:   55-block  2
call    5 returned 4800
call    6 returned 4800
     9600:   56:            TextSprite menuItem(Window::renderer, i == selection ? "- " + option + " -" : option, {255, 255, 255, 255});
branch  0 taken 1600 (fallthrough)
branch  1 taken 3200
     1600:   56-block  0
call    2 returned 1600
branch  3 taken 1600 (fallthrough)
branch  4 taken 0 (throw)
     1600:   56-block  1
call    5 returned 1600
branch  6 taken 1600 (fallthrough)
branch  7 taken 0 (throw)
     3200:   56-block  2
call    8 returned 3200
branch  9 taken 3200 (fallthrough)
branch 10 taken 0 (throw)
     4800:   56-block  3
call   11 returned 4800
branch 12 taken 4800 (fallthrough)
branch 13 taken 0 (throw)
branch 14 taken 1600 (fallthrough)
branch 15 taken 3200
    $$$$$:   56-block  4
    $$$$$:   56-block  5
branch 16 never executed
branch 17 never executed
    $$$$$:   56-block  6
    $$$$$:   56-block  7
    $$$$$:   56-block  8
call   18 never executed
     4800:   57:            TTF_SizeUTF8(TextSprite::font,
     4800:   57-block  0
call    0 returned 4800
call    1 returned 4800
branch  2 taken 4800 (fallthrough)
branch  3 taken 0 (throw)
     9600:   58:                         (i == selection ? "- " + option + " -" : option).c_str(),
     4800:   58-block  0
branch  0 taken 1600 (fallthrough)
branch  1 taken 3200
     1600:   58-block  1
call    2 returned 1600
branch  3 taken 1600 (fallthrough)
branch  4 taken 0 (throw)
     1600:   58-block  2
call    5 returned 1600
branch  6 taken 1600 (fallthrough)
branch  7 taken 0 (throw)
     3200:   58-block  3
call    8 returned 3200
branch  9 taken 3200 (fallthrough)
branch 10 taken 0 (throw)
     4800:   58-block  4
call   11 returned 4800
branch 12 taken 1600 (fallthrough)
branch 13 taken 3200
     1600:   58-block  5
call   14 returned 1600
    $$$$$:   58-block  6
call   15 never executed
    $$$$$:   58-block  7
    $$$$$:   58-block  8
branch 16 never executed
branch 17 never executed
    $$$$$:   58-block  9
call   18 never executed
    $$$$$:   58-block 10
        -:   59:                         &optionWidth,
        -:   60:                         &optionHeight);
     4800:   61:            menuItem.display(w / 2 - (optionWidth / 2), (h / 2 - optionHeight) + (i * 25), Window::renderer);
     4800:   61-block  0
call    0 returned 4800
branch  1 taken 4800 (fallthrough)
branch  2 taken 0 (throw)
     4800:   62:            ++i;
     4800:   62-block  0
call    0 returned 4800
        -:   63:        }
        -:   64:
     1600:   65:        int e = poll_events();
     1600:   65-block  0
call    0 returned 1600
branch  1 taken 1600 (fallthrough)
branch  2 taken 0 (throw)
        -:   66:
     1600:   67:        if (e != -1) {
     1600:   67-block  0
branch  0 taken 1 (fallthrough)
branch  1 taken 1599
        1:   68:            return e;
        1:   68-block  0
        -:   69:        }
        -:   70:    }
        -:   71:
    #####:   72:    return 0;
    %%%%%:   72-block  0
        -:   73:}
