        -:    0:Source:/home/jebbin/CLionProjects/typo/src/ScatteredSprite.cpp
        -:    0:Graph:/home/jebbin/CLionProjects/typo/cmake-build-debug-coverage/CMakeFiles/typo.dir/src/ScatteredSprite.cpp.gcno
        -:    0:Data:/home/jebbin/CLionProjects/typo/cmake-build-debug-coverage/CMakeFiles/typo.dir/src/ScatteredSprite.cpp.gcda
        -:    0:Runs:1
        -:    1://
        -:    2:// Created by jebbin on 10/04/21.
        -:    3://
        -:    4:
        -:    5:#include "ScatteredSprite.h"
        -:    6:#include "window.h"
        -:    7:
        -:    8:const SDL_Color redBG = {255, 75, 60, 0};
        -:    9:const SDL_Color greenBG = {61, 255, 126, 0};
        -:   10:
function _ZN15ScatteredSpriteC2EP12SDL_RendererRKNSt7__cxx1112basic_stringIcSt11char_traitsIcESaIcEEERK9SDL_Color called 100 returned 100% blocks executed 100%
      100:   11:ScatteredSprite::ScatteredSprite(SDL_Renderer *renderer, const std::string &text, const SDL_Color &color) : TextSprite(
      100:   12:        renderer, text, color) {
      100:   12-block  0
call    0 returned 100
call    1 returned 100
      100:   13:    length = text.length();
call    0 returned 100
      100:   14:    index = -1;
      100:   15:}
        -:   16:
function _ZN15ScatteredSprite7char_inEc called 5 returned 100% blocks executed 100%
        5:   17:void ScatteredSprite::char_in(const char c) {
        5:   18:    if (index + 1 < str.length()) {
        5:   18-block  0
call    0 returned 5
branch  1 taken 5 (fallthrough)
branch  2 taken 0
        5:   19:        ++index;
        5:   20:        buffer.push_back(c);
        5:   20-block  0
call    0 returned 5
        -:   21:    }
        5:   22:}
        -:   23:
function _ZN15ScatteredSprite8del_charEv called 0 returned 0% blocks executed 0%
    #####:   24:void ScatteredSprite::del_char() {
    #####:   25:    if (index < 0) {
    %%%%%:   25-block  0
branch  0 never executed
branch  1 never executed
    #####:   26:        return;
    %%%%%:   26-block  0
        -:   27:    }
    #####:   28:    if (!index - 1 == -1) {
    %%%%%:   28-block  0
branch  0 never executed
branch  1 never executed
    #####:   29:        --index;
    %%%%%:   29-block  0
        -:   30:    } else {
    #####:   31:        index = -1;
    %%%%%:   31-block  0
        -:   32:    }
    #####:   33:    buffer.pop_back();
    %%%%%:   33-block  0
call    0 never executed
        -:   34:}
        -:   35:
function _ZN15ScatteredSprite13render_cursorEv called 6561 returned 100% blocks executed 75%
     6561:   36:void ScatteredSprite::render_cursor() {
        -:   37:    int w;
     6561:   38:    TTF_SizeUTF8(TextSprite::font, str.substr(0, index < 0 ? 1 : index + 2).c_str(), &w, nullptr);
     6561:   38-block  0
call    0 returned 6561
branch  1 taken 6561 (fallthrough)
branch  2 taken 0 (throw)
     6561:   38-block  1
call    3 returned 6561
call    4 returned 6561
branch  5 taken 6561 (fallthrough)
branch  6 taken 0 (throw)
     6561:   38-block  2
call    7 returned 6561
    $$$$$:   38-block  3
call    8 never executed
    $$$$$:   38-block  4
     6561:   39:    SDL_Rect cursorRect = {text_rect.x, text_rect.y, w, text_rect.h};
     6561:   40:    SDL_SetRenderDrawColor(Window::renderer, 54, 54, 54, 255);
call    0 returned 6561
branch  1 taken 6561 (fallthrough)
branch  2 taken 0 (throw)
     6561:   41:    SDL_RenderFillRect(Window::renderer, &cursorRect);
     6561:   41-block  0
call    0 returned 6561
branch  1 taken 6561 (fallthrough)
branch  2 taken 0 (throw)
     6561:   42:    SDL_Color bgColor = validate_buffer() ? greenBG : redBG;
     6561:   42-block  0
call    0 returned 6561
branch  1 taken 6561 (fallthrough)
branch  2 taken 0 (throw)
     6561:   42-block  1
branch  3 taken 5754 (fallthrough)
branch  4 taken 807
     5754:   42-block  2
      807:   42-block  3
     6561:   43:    TTF_SizeUTF8(TextSprite::font, str.substr(0, index < 0 ? 0 : index + 1).c_str(), &w, nullptr);
     6561:   43-block  0
call    0 returned 6561
branch  1 taken 6561 (fallthrough)
branch  2 taken 0 (throw)
     6561:   43-block  1
call    3 returned 6561
call    4 returned 6561
branch  5 taken 6561 (fallthrough)
branch  6 taken 0 (throw)
     6561:   43-block  2
call    7 returned 6561
    $$$$$:   43-block  3
call    8 never executed
    $$$$$:   43-block  4
     6561:   44:    SDL_Rect stateRect = {text_rect.x, text_rect.y, w, text_rect.h};
     6561:   45:    SDL_SetRenderDrawColor(Window::renderer, bgColor.r, bgColor.g, bgColor.b, bgColor.a);
call    0 returned 6561
branch  1 taken 6561 (fallthrough)
branch  2 taken 0 (throw)
     6561:   46:    SDL_RenderFillRect(Window::renderer, &stateRect);
     6561:   46-block  0
call    0 returned 6561
branch  1 taken 6561 (fallthrough)
branch  2 taken 0 (throw)
     6561:   47:}
     6561:   47-block  0
        -:   48:
function _ZN15ScatteredSprite15validate_bufferEv called 6566 returned 100% blocks executed 100%
     6566:   49:bool ScatteredSprite::validate_buffer() {
     6566:   50:    return (buffer == str.substr(0, index < 0 ? 0 : index + 1));
     6566:   50-block  0
call    0 returned 6566
call    1 returned 6566
call    2 returned 6566
        -:   51:}
        -:   52:
function _ZN15ScatteredSprite8validateEv called 1 returned 100% blocks executed 100%
        1:   53:bool ScatteredSprite::validate() {
        1:   54:    return buffer == str;
        1:   54-block  0
call    0 returned 1
        -:   55:}
