        -:    0:Source:/home/jebbin/CLionProjects/typo/src/window.cpp
        -:    0:Graph:/home/jebbin/CLionProjects/typo/cmake-build-debug-coverage/CMakeFiles/typo.dir/src/window.cpp.gcno
        -:    0:Data:/home/jebbin/CLionProjects/typo/cmake-build-debug-coverage/CMakeFiles/typo.dir/src/window.cpp.gcda
        -:    0:Runs:1
        -:    1://
        -:    2:// Created by jebbin on 30/03/21.
        -:    3://
        -:    4:#include <iostream>
        -:    5:#include <utility>
        -:    6:#include "window.h"
        -:    7:#include <SDL2/SDL_mixer.h>
        -:    8:
        -:    9:SDL_Renderer *Window::renderer = nullptr;
        -:   10:
function _ZN6WindowC2ENSt7__cxx1112basic_stringIcSt11char_traitsIcESaIcEEEii called 1 returned 100% blocks executed 83%
        1:   11:Window::Window(std::string title, int width, int height) :
        1:   12:        title(std::move(title)), width(width), height(height) {
        1:   12-block  0
call    0 returned 1
call    1 returned 1
    $$$$$:   12-block  1
call    2 never executed
        1:   13:    closed = !init();
call    0 returned 1
branch  1 taken 1 (fallthrough)
branch  2 taken 0 (throw)
        1:   14:}
        1:   14-block  0
        -:   15:
function _ZN6WindowD2Ev called 1 returned 100% blocks executed 100%
        1:   16:Window::~Window() {
call    0 returned 1
        1:   17:    SDL_DestroyWindow(window);
        1:   17-block  0
call    0 returned 1
        1:   18:    SDL_DestroyRenderer(renderer);
call    0 returned 1
        1:   19:    SDL_Quit();
call    0 returned 1
        1:   20:    TTF_Quit();
call    0 returned 1
        1:   21:}
        -:   22:
function _ZN6Window4initEv called 1 returned 100% blocks executed 67%
        1:   23:bool Window::init() {
        1:   24:    if (SDL_Init(SDL_INIT_VIDEO | SDL_INIT_AUDIO) != 0) {
        1:   24-block  0
call    0 returned 1
branch  1 taken 0 (fallthrough)
branch  2 taken 1
    #####:   25:        std::cerr << "Failed to initialize SDL\n";
    %%%%%:   25-block  0
call    0 never executed
    #####:   26:        return false;
        -:   27:    }
        -:   28:
        1:   29:    if (Mix_OpenAudio(44100, MIX_DEFAULT_FORMAT, 2, 1024) < 0) {
        1:   29-block  0
call    0 returned 1
branch  1 taken 0 (fallthrough)
branch  2 taken 1
    #####:   30:        std::cerr << "Failed to initialize audio\n";
    %%%%%:   30-block  0
call    0 never executed
        -:   31:    }
        -:   32:
        -:   33:    // Amount of channels (Max amount of sounds playing at the same time)
        1:   34:    Mix_AllocateChannels(12);
        1:   34-block  0
call    0 returned 1
        -:   35:
        1:   36:    if (TTF_Init() == -1) {
call    0 returned 1
branch  1 taken 0 (fallthrough)
branch  2 taken 1
    #####:   37:        std::cerr << "Failed to initialize SDL_TTF\n";
    %%%%%:   37-block  0
call    0 never executed
    #####:   38:        return false;
        -:   39:    }
        -:   40:
        1:   41:    window = SDL_CreateWindow(
        1:   41-block  0
call    0 returned 1
call    1 returned 1
        -:   42:            title.c_str(),
        -:   43:            SDL_WINDOWPOS_CENTERED,
        -:   44:            SDL_WINDOWPOS_CENTERED,
        -:   45:            width, height,
        -:   46:            SDL_WINDOW_RESIZABLE
        -:   47:    );
        -:   48:
        1:   49:    if (window == nullptr) {
branch  0 taken 0 (fallthrough)
branch  1 taken 1
    #####:   50:        std::cerr << "Failed to create Window\n";
    %%%%%:   50-block  0
call    0 never executed
        -:   51:    }
        -:   52:
        1:   53:    renderer = SDL_CreateRenderer(window, -1, SDL_RENDERER_ACCELERATED);
        1:   53-block  0
call    0 returned 1
        -:   54:
        1:   55:    if (renderer == nullptr) {
branch  0 taken 0 (fallthrough)
branch  1 taken 1
    #####:   56:        std::cerr << "Failed to create Renderer\n";
    %%%%%:   56-block  0
call    0 never executed
        -:   57:    }
        -:   58:
        1:   59:    return true;
        1:   59-block  0
        -:   60:}
        -:   61:
function _ZN6Window10pollEventsEv called 0 returned 0% blocks executed 0%
    #####:   62:void Window::pollEvents() {
        -:   63:    SDL_Event event;
        -:   64:
    #####:   65:    if (SDL_PollEvent(&event)) {
    %%%%%:   65-block  0
call    0 never executed
branch  1 never executed
branch  2 never executed
    %%%%%:   65-block  1
branch  3 never executed
branch  4 never executed
    #####:   66:        switch (event.type) {
    %%%%%:   66-block  0
branch  0 never executed
branch  1 never executed
branch  2 never executed
    #####:   67:            case SDL_QUIT:
    #####:   68:                closed = true;
    #####:   69:                break;
    %%%%%:   69-block  0
    #####:   70:            case SDL_TEXTINPUT:
    #####:   71:                std::cout << event.text.text << "\n";
    %%%%%:   71-block  0
call    0 never executed
branch  1 never executed
branch  2 never executed
    %%%%%:   71-block  1
call    3 never executed
branch  4 never executed
branch  5 never executed
    #####:   72:                break;
    %%%%%:   72-block  0
    #####:   73:            default:
    #####:   74:                break;
    %%%%%:   74-block  0
        -:   75:        }
        -:   76:    }
    #####:   77:}
    %%%%%:   77-block  0
        -:   78:
function _ZNK6Window5clearEv called 8161 returned 100% blocks executed 100%
     8161:   79:void Window::clear() const {
     8161:   80:    SDL_RenderPresent(renderer);
     8161:   80-block  0
call    0 returned 8161
     8161:   81:    SDL_SetRenderDrawColor(renderer, 82, 82, 82, 255);
call    0 returned 8161
     8161:   82:    SDL_RenderClear(renderer);
call    0 returned 8161
     8161:   83:}
        -:   84:
function _ZN6Window5closeEv called 1 returned 100% blocks executed 100%
        1:   85:void Window::close() {
        1:   86:    closed = true;
        1:   87:}
